<?xml version="1.0" encoding="UTF-8"?>
<testng-results ignored="0" total="4" passed="3" failed="1" skipped="0">
  <reporter-output>
  </reporter-output>
  <suite started-at="2025-02-14T16:43:51 IST" name="Default suite" finished-at="2025-02-14T16:45:14 IST" duration-ms="83152">
    <groups>
    </groups>
    <test started-at="2025-02-14T16:43:51 IST" name="Default test" finished-at="2025-02-14T16:45:14 IST" duration-ms="83152">
      <class name="test.CaseStudiesTab_Test">
        <test-method is-config="true" signature="setup()[pri:0, instance:test.CaseStudiesTab_Test@3b0fe47a]" started-at="2025-02-14T16:43:51 IST" name="setup" finished-at="2025-02-14T16:44:08 IST" duration-ms="17393" status="PASS">
          <reporter-output>
          </reporter-output>
        </test-method> <!-- setup -->
        <test-method is-config="true" signature="setUp()[pri:0, instance:test.CaseStudiesTab_Test@3b0fe47a]" started-at="2025-02-14T16:44:08 IST" name="setUp" finished-at="2025-02-14T16:44:08 IST" duration-ms="16" status="PASS">
          <reporter-output>
          </reporter-output>
        </test-method> <!-- setUp -->
        <test-method signature="caseStudiesText_Tab_TC_01()[pri:1, instance:test.CaseStudiesTab_Test@3b0fe47a]" started-at="2025-02-14T16:44:08 IST" name="caseStudiesText_Tab_TC_01" finished-at="2025-02-14T16:44:12 IST" duration-ms="3919" status="PASS">
          <reporter-output>
          </reporter-output>
        </test-method> <!-- caseStudiesText_Tab_TC_01 -->
        <test-method is-config="true" signature="afterMethod()[pri:0, instance:test.CaseStudiesTab_Test@3b0fe47a]" started-at="2025-02-14T16:44:12 IST" name="afterMethod" finished-at="2025-02-14T16:44:15 IST" duration-ms="3095" status="PASS">
          <reporter-output>
          </reporter-output>
        </test-method> <!-- afterMethod -->
        <test-method is-config="true" signature="setup()[pri:0, instance:test.CaseStudiesTab_Test@3b0fe47a]" started-at="2025-02-14T16:44:15 IST" name="setup" finished-at="2025-02-14T16:44:21 IST" duration-ms="5992" status="PASS">
          <reporter-output>
          </reporter-output>
        </test-method> <!-- setup -->
        <test-method is-config="true" signature="setUp()[pri:0, instance:test.CaseStudiesTab_Test@3b0fe47a]" started-at="2025-02-14T16:44:21 IST" name="setUp" finished-at="2025-02-14T16:44:21 IST" duration-ms="2" status="PASS">
          <reporter-output>
          </reporter-output>
        </test-method> <!-- setUp -->
        <test-method signature="caseStudies_Tab_TC_02()[pri:2, instance:test.CaseStudiesTab_Test@3b0fe47a]" started-at="2025-02-14T16:44:21 IST" name="caseStudies_Tab_TC_02" finished-at="2025-02-14T16:44:24 IST" duration-ms="2616" status="PASS">
          <reporter-output>
          </reporter-output>
        </test-method> <!-- caseStudies_Tab_TC_02 -->
        <test-method is-config="true" signature="afterMethod()[pri:0, instance:test.CaseStudiesTab_Test@3b0fe47a]" started-at="2025-02-14T16:44:24 IST" name="afterMethod" finished-at="2025-02-14T16:44:27 IST" duration-ms="2778" status="PASS">
          <reporter-output>
          </reporter-output>
        </test-method> <!-- afterMethod -->
        <test-method is-config="true" signature="setup()[pri:0, instance:test.CaseStudiesTab_Test@3b0fe47a]" started-at="2025-02-14T16:44:27 IST" name="setup" finished-at="2025-02-14T16:44:34 IST" duration-ms="6682" status="PASS">
          <reporter-output>
          </reporter-output>
        </test-method> <!-- setup -->
        <test-method is-config="true" signature="setUp()[pri:0, instance:test.CaseStudiesTab_Test@3b0fe47a]" started-at="2025-02-14T16:44:34 IST" name="setUp" finished-at="2025-02-14T16:44:34 IST" duration-ms="1" status="PASS">
          <reporter-output>
          </reporter-output>
        </test-method> <!-- setUp -->
        <test-method signature="featuredCaseText_TC_03()[pri:3, instance:test.CaseStudiesTab_Test@3b0fe47a]" started-at="2025-02-14T16:44:34 IST" name="featuredCaseText_TC_03" finished-at="2025-02-14T16:44:57 IST" duration-ms="23006" status="FAIL">
          <exception class="java.lang.AssertionError">
            <message>
              <![CDATA[Text does not match the expected value! expected [Featured case studies] but found [null]]]>
            </message>
            <full-stacktrace>
              <![CDATA[java.lang.AssertionError: Text does not match the expected value! expected [Featured case studies] but found [null]
at org.testng.Assert.fail(Assert.java:111)
at org.testng.Assert.failNotEquals(Assert.java:1578)
at org.testng.Assert.assertEqualsImpl(Assert.java:150)
at org.testng.Assert.assertEquals(Assert.java:132)
at org.testng.Assert.assertEquals(Assert.java:656)
at test.CaseStudiesTab_Test.featuredCaseText_TC_03(CaseStudiesTab_Test.java:49)
at java.base/jdk.internal.reflect.DirectMethodHandleAccessor.invoke(DirectMethodHandleAccessor.java:103)
at java.base/java.lang.reflect.Method.invoke(Method.java:580)
at org.testng.internal.invokers.MethodInvocationHelper.invokeMethod(MethodInvocationHelper.java:141)
at org.testng.internal.invokers.TestInvoker.invokeMethod(TestInvoker.java:686)
at org.testng.internal.invokers.TestInvoker.invokeTestMethod(TestInvoker.java:230)
at org.testng.internal.invokers.MethodRunner.runInSequence(MethodRunner.java:63)
at org.testng.internal.invokers.TestInvoker$MethodInvocationAgent.invoke(TestInvoker.java:992)
at org.testng.internal.invokers.TestInvoker.invokeTestMethods(TestInvoker.java:203)
at org.testng.internal.invokers.TestMethodWorker.invokeTestMethods(TestMethodWorker.java:154)
at org.testng.internal.invokers.TestMethodWorker.run(TestMethodWorker.java:134)
at java.base/java.util.ArrayList.forEach(ArrayList.java:1597)
at org.testng.TestRunner.privateRun(TestRunner.java:739)
at org.testng.TestRunner.run(TestRunner.java:614)
at org.testng.SuiteRunner.runTest(SuiteRunner.java:421)
at org.testng.SuiteRunner.runSequentially(SuiteRunner.java:413)
at org.testng.SuiteRunner.privateRun(SuiteRunner.java:373)
at org.testng.SuiteRunner.run(SuiteRunner.java:312)
at org.testng.SuiteRunnerWorker.runSuite(SuiteRunnerWorker.java:52)
at org.testng.SuiteRunnerWorker.run(SuiteRunnerWorker.java:95)
at org.testng.TestNG.runSuitesSequentially(TestNG.java:1274)
at org.testng.TestNG.runSuitesLocally(TestNG.java:1208)
at org.testng.TestNG.runSuites(TestNG.java:1112)
at org.testng.TestNG.run(TestNG.java:1079)
at org.testng.remote.AbstractRemoteTestNG.run(AbstractRemoteTestNG.java:115)
at org.testng.remote.RemoteTestNG.initAndRun(RemoteTestNG.java:293)
at org.testng.remote.RemoteTestNG.main(RemoteTestNG.java:91)
]]>
            </full-stacktrace>
          </exception> <!-- java.lang.AssertionError -->
          <reporter-output>
          </reporter-output>
        </test-method> <!-- featuredCaseText_TC_03 -->
        <test-method is-config="true" signature="afterMethod()[pri:0, instance:test.CaseStudiesTab_Test@3b0fe47a]" started-at="2025-02-14T16:44:57 IST" name="afterMethod" finished-at="2025-02-14T16:44:59 IST" duration-ms="2811" status="PASS">
          <reporter-output>
          </reporter-output>
        </test-method> <!-- afterMethod -->
        <test-method is-config="true" signature="setup()[pri:0, instance:test.CaseStudiesTab_Test@3b0fe47a]" started-at="2025-02-14T16:44:59 IST" name="setup" finished-at="2025-02-14T16:45:06 IST" duration-ms="6356" status="PASS">
          <reporter-output>
          </reporter-output>
        </test-method> <!-- setup -->
        <test-method signature="Major_Insurance_TC_04()[pri:4, instance:test.CaseStudiesTab_Test@3b0fe47a]" started-at="2025-02-14T16:45:06 IST" name="Major_Insurance_TC_04" finished-at="2025-02-14T16:45:11 IST" duration-ms="5461" status="PASS">
          <reporter-output>
          </reporter-output>
        </test-method> <!-- Major_Insurance_TC_04 -->
        <test-method is-config="true" signature="setUp()[pri:0, instance:test.CaseStudiesTab_Test@3b0fe47a]" started-at="2025-02-14T16:45:06 IST" name="setUp" finished-at="2025-02-14T16:45:06 IST" duration-ms="0" status="PASS">
          <reporter-output>
          </reporter-output>
        </test-method> <!-- setUp -->
        <test-method is-config="true" signature="afterMethod()[pri:0, instance:test.CaseStudiesTab_Test@3b0fe47a]" started-at="2025-02-14T16:45:11 IST" name="afterMethod" finished-at="2025-02-14T16:45:14 IST" duration-ms="2937" status="PASS">
          <reporter-output>
          </reporter-output>
        </test-method> <!-- afterMethod -->
      </class> <!-- test.CaseStudiesTab_Test -->
    </test> <!-- Default test -->
  </suite> <!-- Default suite -->
</testng-results>
